<?xml version="1.0" encoding="utf-8"?><testsuites name="pytest tests"><testsuite name="pytest" errors="0" failures="0" skipped="0" tests="30" time="19.978" timestamp="2026-02-20T21:19:08.838344+00:00" hostname="agent-env-9caa03ed-0560-43a9-98f4-90e7d02811ff"><testcase classname="backend.tests.test_auth.TestHealthCheck" name="test_api_root" time="0.581" /><testcase classname="backend.tests.test_auth.TestAuth" name="test_login_success" time="0.833" /><testcase classname="backend.tests.test_auth.TestAuth" name="test_login_wrong_email" time="0.422" /><testcase classname="backend.tests.test_auth.TestAuth" name="test_login_wrong_password" time="0.698" /><testcase classname="backend.tests.test_auth.TestAuth" name="test_verify_auth_with_valid_token" time="1.160" /><testcase classname="backend.tests.test_auth.TestAuth" name="test_verify_auth_with_invalid_token" time="0.424" /><testcase classname="backend.tests.test_auth.TestAuth" name="test_verify_auth_without_token" time="0.432" /><testcase classname="backend.tests.test_auth.TestContentAPI" name="test_get_content" time="0.445" /><testcase classname="backend.tests.test_auth.TestServicesAPI" name="test_get_services" time="0.433" /><testcase classname="backend.tests.test_features.TestImageUploadOptimization" name="test_upload_image_returns_optimized_url_and_thumbnail" time="1.843" /><testcase classname="backend.tests.test_features.TestImageUploadOptimization" name="test_upload_png_image_converts_to_jpg" time="0.778" /><testcase classname="backend.tests.test_features.TestImageUploadOptimization" name="test_upload_video_does_not_create_thumbnail" time="0.424" /><testcase classname="backend.tests.test_features.TestImageUploadOptimization" name="test_upload_unsupported_format_rejected" time="0.427" /><testcase classname="backend.tests.test_features.TestServicesWithImages" name="test_get_services_has_images_array" time="0.515" /><testcase classname="backend.tests.test_features.TestContentAPI" name="test_get_content_has_hero_highlight_settings" time="0.440" /><testcase classname="backend.tests.test_features.TestContentAPI" name="test_get_content_has_brand_whatsapp_link" time="0.443" /><testcase classname="backend.tests.test_features.TestWhatsAppIntegration" name="test_whatsapp_number_in_content" time="0.421" /><testcase classname="backend.tests.test_new_features.TestColorPaletteAPI" name="test_get_color_palette" time="0.455" /><testcase classname="backend.tests.test_new_features.TestColorPaletteAPI" name="test_update_color_palette" time="0.840" /><testcase classname="backend.tests.test_new_features.TestColorPaletteAPI" name="test_color_palette_in_content_response" time="0.463" /><testcase classname="backend.tests.test_new_features.TestDynamicSectionsAPI" name="test_get_dynamic_sections" time="0.416" /><testcase classname="backend.tests.test_new_features.TestDynamicSectionsAPI" name="test_create_dynamic_section" time="0.441" /><testcase classname="backend.tests.test_new_features.TestDynamicSectionsAPI" name="test_update_dynamic_section" time="1.292" /><testcase classname="backend.tests.test_new_features.TestDynamicSectionsAPI" name="test_delete_dynamic_section" time="1.296" /><testcase classname="backend.tests.test_new_features.TestDynamicSectionsAPI" name="test_dynamic_sections_in_content_response" time="1.305" /><testcase classname="backend.tests.test_new_features.TestHeroSection" name="test_hero_label_can_be_empty" time="0.437" /><testcase classname="backend.tests.test_new_features.TestHeroSection" name="test_hero_has_required_fields" time="0.432" /><testcase classname="backend.tests.test_new_features.TestServicesSection" name="test_services_section_config" time="0.431" /><testcase classname="backend.tests.test_new_features.TestServicesSection" name="test_services_have_required_fields" time="0.432" /><testcase classname="backend.tests.test_new_features.TestCleanup" name="test_cleanup_test_sections" time="0.861" /></testsuite></testsuites>